<?xml version="1.0" encoding="UTF-8"?>
<!-- Generated by org.testng.reporters.JUnitReportReporter -->
<testsuite skipped="0" hostname="DESKTOP-T8H30L6" name="com.way2Automation.test.TestLogin" tests="5" failures="0" timestamp="27 Jul 2017 03:23:30 GMT" time="17.430" errors="0">
  <testcase name="testLogin" time="3.828" classname="com.way2Automation.test.TestLogin"/>
  <testcase name="testLogin" time="3.430" classname="com.way2Automation.test.TestLogin"/>
  <testcase name="testLogin" time="3.577" classname="com.way2Automation.test.TestLogin"/>
  <testcase name="testLogin" time="3.405" classname="com.way2Automation.test.TestLogin"/>
  <testcase name="testLogin" time="3.190" classname="com.way2Automation.test.TestLogin"/>
</testsuite> <!-- com.way2Automation.test.TestLogin -->
